<?xml version="1.0" encoding="UTF-8"?>
<!-- Generated by org.testng.reporters.JUnitReportReporter -->
<testsuite skipped="1" hostname="Admin" name="seleniumpack.WebDemo" tests="2" failures="0" timestamp="03 Sep 2017 08:43:51 GMT" time="53.629" errors="1">
  <testcase name="abc" time="53.628" classname="seleniumpack.WebDemo">
    <error type="org.openqa.selenium.WebDriverException" message="Failed to connect to binary FirefoxBinary(C:\Program Files (x86)\Mozilla Firefox\firefox.exe) on port 7055; process output follows: 
pdates&quot;:1,&quot;skinnable&quot;:true,&quot;size&quot;:22012,&quot;sourceURI&quot;:null,&quot;releaseNotesURI&quot;:null,&quot;softDisabled&quot;:false,&quot;foreignInstall&quot;:false,&quot;hasBinaryComponents&quot;:false,&quot;strictCompatibility&quot;:true,&quot;locales&quot;:[],&quot;targetApplications&quot;:[{&quot;id&quot;:&quot;{ec8030f7-c20a-464f-9b0e-13a3a9e97384}&quot;,&quot;minVersion&quot;:&quot;47.0.2&quot;,&quot;maxVersion&quot;:&quot;47.0.2&quot;}],&quot;targetPlatforms&quot;:[],&quot;seen&quot;:true}
1504428185481	addons.xpi	DEBUG	getModTime: Recursive scan of {972ce4c6-7e08-4474-a285-3208198ce6fd}
1504428185485	DeferredSave.extensions.json	DEBUG	Save changes
1504428185485	addons.xpi	DEBUG	Updating database with changes to installed add-ons
1504428185486	addons.xpi-utils	DEBUG	Updating add-on states
1504428185492	addons.xpi-utils	DEBUG	Writing add-ons list
1504428185521	addons.xpi	DEBUG	Registering manifest for C:\Program Files (x86)\Mozilla Firefox\browser\features\e10srollout@mozilla.org.xpi
1504428185523	addons.xpi	DEBUG	Calling bootstrap method startup on e10srollout@mozilla.org version 1.0
1504428185524	addons.xpi	DEBUG	Registering manifest for C:\Program Files (x86)\Mozilla Firefox\browser\features\firefox@getpocket.com.xpi
1504428185527	addons.xpi	DEBUG	Calling bootstrap method startup on firefox@getpocket.com version 1.0.2
1504428185531	addons.xpi	DEBUG	Registering manifest for C:\Program Files (x86)\Mozilla Firefox\browser\features\loop@mozilla.org.xpi
1504428185535	addons.xpi	DEBUG	Calling bootstrap method startup on loop@mozilla.org version 1.3.2
1504428185610	addons.xpi	DEBUG	Registering manifest for C:\Program Files (x86)\Mozilla Firefox\browser\features\websensehelper@mozilla.org.xpi
1504428185615	addons.xpi	DEBUG	Calling bootstrap method startup on websensehelper@mozilla.org version 1.0
1504428185627	addons.manager	DEBUG	Registering shutdown blocker for XPIProvider
1504428185629	addons.manager	DEBUG	Provider finished startup: XPIProvider
1504428185629	addons.manager	DEBUG	Starting provider: LightweightThemeManager
1504428185630	addons.manager	DEBUG	Registering shutdown blocker for LightweightThemeManager
1504428185631	addons.manager	DEBUG	Provider finished startup: LightweightThemeManager
1504428185633	addons.manager	DEBUG	Starting provider: GMPProvider
1504428185666	addons.manager	DEBUG	Registering shutdown blocker for GMPProvider
1504428185667	addons.manager	DEBUG	Provider finished startup: GMPProvider
1504428185667	addons.manager	DEBUG	Starting provider: PluginProvider
1504428185668	addons.manager	DEBUG	Registering shutdown blocker for PluginProvider
1504428185680	addons.manager	DEBUG	Provider finished startup: PluginProvider
1504428185682	addons.manager	DEBUG	Completed startup sequence
1504428188656	addons.manager	DEBUG	Starting provider: &lt;unnamed-provider&gt;
1504428188656	addons.manager	DEBUG	Registering shutdown blocker for &lt;unnamed-provider&gt;
1504428188658	addons.manager	DEBUG	Provider finished startup: &lt;unnamed-provider&gt;
1504428190354	DeferredSave.extensions.json	DEBUG	Write succeeded
1504428190355	addons.xpi-utils	DEBUG	XPI Database saved, setting schema version preference to 17
1504428190358	DeferredSave.extensions.json	DEBUG	Starting timer
1504428190386	DeferredSave.extensions.json	DEBUG	Starting write
1504428190477	addons.repository	DEBUG	No addons.json found.
1504428190479	DeferredSave.addons.json	DEBUG	Save changes
1504428190490	DeferredSave.addons.json	DEBUG	Starting timer
1504428190625	addons.manager	DEBUG	Starting provider: PreviousExperimentProvider
1504428190626	addons.manager	DEBUG	Registering shutdown blocker for PreviousExperimentProvider
1504428190627	addons.manager	DEBUG	Provider finished startup: PreviousExperimentProvider
1504428190648	DeferredSave.addons.json	DEBUG	Starting write
1504428190782	DeferredSave.extensions.json	DEBUG	Write succeeded
1504428191050	DeferredSave.addons.json	DEBUG	Write succeeded
JavaScript error: chrome://fxdriver/content/server.js, line 61: uncaught exception: [object Object]
JavaScript error: chrome://fxdriver/content/server.js, line 61: NS_ERROR_XPC_CI_RETURNED_FAILURE: Component returned failure code: 0x80570015 (NS_ERROR_XPC_CI_RETURNED_FAILURE) [nsIJSCID.createInstance]

Build info: version: &#039;2.53.1&#039;, revision: &#039;a36b8b1&#039;, time: &#039;2016-06-30 17:32:46&#039;
System info: host: &#039;Admin&#039;, ip: &#039;192.168.0.108&#039;, os.name: &#039;Windows 8.1&#039;, os.arch: &#039;amd64&#039;, os.version: &#039;6.3&#039;, java.version: &#039;1.8.0_92&#039;
Driver info: driver.version: FirefoxDriver">
      <![CDATA[org.openqa.selenium.WebDriverException: Failed to connect to binary FirefoxBinary(C:\Program Files (x86)\Mozilla Firefox\firefox.exe) on port 7055; process output follows: 
pdates":1,"skinnable":true,"size":22012,"sourceURI":null,"releaseNotesURI":null,"softDisabled":false,"foreignInstall":false,"hasBinaryComponents":false,"strictCompatibility":true,"locales":[],"targetApplications":[{"id":"{ec8030f7-c20a-464f-9b0e-13a3a9e97384}","minVersion":"47.0.2","maxVersion":"47.0.2"}],"targetPlatforms":[],"seen":true}
1504428185481	addons.xpi	DEBUG	getModTime: Recursive scan of {972ce4c6-7e08-4474-a285-3208198ce6fd}
1504428185485	DeferredSave.extensions.json	DEBUG	Save changes
1504428185485	addons.xpi	DEBUG	Updating database with changes to installed add-ons
1504428185486	addons.xpi-utils	DEBUG	Updating add-on states
1504428185492	addons.xpi-utils	DEBUG	Writing add-ons list
1504428185521	addons.xpi	DEBUG	Registering manifest for C:\Program Files (x86)\Mozilla Firefox\browser\features\e10srollout@mozilla.org.xpi
1504428185523	addons.xpi	DEBUG	Calling bootstrap method startup on e10srollout@mozilla.org version 1.0
1504428185524	addons.xpi	DEBUG	Registering manifest for C:\Program Files (x86)\Mozilla Firefox\browser\features\firefox@getpocket.com.xpi
1504428185527	addons.xpi	DEBUG	Calling bootstrap method startup on firefox@getpocket.com version 1.0.2
1504428185531	addons.xpi	DEBUG	Registering manifest for C:\Program Files (x86)\Mozilla Firefox\browser\features\loop@mozilla.org.xpi
1504428185535	addons.xpi	DEBUG	Calling bootstrap method startup on loop@mozilla.org version 1.3.2
1504428185610	addons.xpi	DEBUG	Registering manifest for C:\Program Files (x86)\Mozilla Firefox\browser\features\websensehelper@mozilla.org.xpi
1504428185615	addons.xpi	DEBUG	Calling bootstrap method startup on websensehelper@mozilla.org version 1.0
1504428185627	addons.manager	DEBUG	Registering shutdown blocker for XPIProvider
1504428185629	addons.manager	DEBUG	Provider finished startup: XPIProvider
1504428185629	addons.manager	DEBUG	Starting provider: LightweightThemeManager
1504428185630	addons.manager	DEBUG	Registering shutdown blocker for LightweightThemeManager
1504428185631	addons.manager	DEBUG	Provider finished startup: LightweightThemeManager
1504428185633	addons.manager	DEBUG	Starting provider: GMPProvider
1504428185666	addons.manager	DEBUG	Registering shutdown blocker for GMPProvider
1504428185667	addons.manager	DEBUG	Provider finished startup: GMPProvider
1504428185667	addons.manager	DEBUG	Starting provider: PluginProvider
1504428185668	addons.manager	DEBUG	Registering shutdown blocker for PluginProvider
1504428185680	addons.manager	DEBUG	Provider finished startup: PluginProvider
1504428185682	addons.manager	DEBUG	Completed startup sequence
1504428188656	addons.manager	DEBUG	Starting provider: <unnamed-provider>
1504428188656	addons.manager	DEBUG	Registering shutdown blocker for <unnamed-provider>
1504428188658	addons.manager	DEBUG	Provider finished startup: <unnamed-provider>
1504428190354	DeferredSave.extensions.json	DEBUG	Write succeeded
1504428190355	addons.xpi-utils	DEBUG	XPI Database saved, setting schema version preference to 17
1504428190358	DeferredSave.extensions.json	DEBUG	Starting timer
1504428190386	DeferredSave.extensions.json	DEBUG	Starting write
1504428190477	addons.repository	DEBUG	No addons.json found.
1504428190479	DeferredSave.addons.json	DEBUG	Save changes
1504428190490	DeferredSave.addons.json	DEBUG	Starting timer
1504428190625	addons.manager	DEBUG	Starting provider: PreviousExperimentProvider
1504428190626	addons.manager	DEBUG	Registering shutdown blocker for PreviousExperimentProvider
1504428190627	addons.manager	DEBUG	Provider finished startup: PreviousExperimentProvider
1504428190648	DeferredSave.addons.json	DEBUG	Starting write
1504428190782	DeferredSave.extensions.json	DEBUG	Write succeeded
1504428191050	DeferredSave.addons.json	DEBUG	Write succeeded
JavaScript error: chrome://fxdriver/content/server.js, line 61: uncaught exception: [object Object]
JavaScript error: chrome://fxdriver/content/server.js, line 61: NS_ERROR_XPC_CI_RETURNED_FAILURE: Component returned failure code: 0x80570015 (NS_ERROR_XPC_CI_RETURNED_FAILURE) [nsIJSCID.createInstance]

Build info: version: '2.53.1', revision: 'a36b8b1', time: '2016-06-30 17:32:46'
System info: host: 'Admin', ip: '192.168.0.108', os.name: 'Windows 8.1', os.arch: 'amd64', os.version: '6.3', java.version: '1.8.0_92'
Driver info: driver.version: FirefoxDriver
	at org.openqa.selenium.firefox.internal.NewProfileExtensionConnection.start(NewProfileExtensionConnection.java:124)
	at org.openqa.selenium.firefox.FirefoxDriver.startClient(FirefoxDriver.java:271)
	at org.openqa.selenium.remote.RemoteWebDriver.<init>(RemoteWebDriver.java:119)
	at org.openqa.selenium.firefox.FirefoxDriver.<init>(FirefoxDriver.java:218)
	at org.openqa.selenium.firefox.FirefoxDriver.<init>(FirefoxDriver.java:211)
	at org.openqa.selenium.firefox.FirefoxDriver.<init>(FirefoxDriver.java:207)
	at org.openqa.selenium.firefox.FirefoxDriver.<init>(FirefoxDriver.java:120)
	at seleniumpack.WebDemo.abc(WebDemo.java:14)
	at sun.reflect.NativeMethodAccessorImpl.invoke0(Native Method)
	at sun.reflect.NativeMethodAccessorImpl.invoke(Unknown Source)
	at sun.reflect.DelegatingMethodAccessorImpl.invoke(Unknown Source)
	at java.lang.reflect.Method.invoke(Unknown Source)
	at org.testng.internal.MethodInvocationHelper.invokeMethod(MethodInvocationHelper.java:108)
	at org.testng.internal.Invoker.invokeConfigurationMethod(Invoker.java:523)
	at org.testng.internal.Invoker.invokeConfigurations(Invoker.java:224)
	at org.testng.internal.Invoker.invokeConfigurations(Invoker.java:146)
	at org.testng.SuiteRunner.privateRun(SuiteRunner.java:326)
	at org.testng.SuiteRunner.run(SuiteRunner.java:289)
	at org.testng.SuiteRunnerWorker.runSuite(SuiteRunnerWorker.java:52)
	at org.testng.SuiteRunnerWorker.run(SuiteRunnerWorker.java:86)
	at org.testng.TestNG.runSuitesSequentially(TestNG.java:1301)
	at org.testng.TestNG.runSuitesLocally(TestNG.java:1226)
	at org.testng.TestNG.runSuites(TestNG.java:1144)
	at org.testng.TestNG.run(TestNG.java:1115)
	at org.testng.remote.AbstractRemoteTestNG.run(AbstractRemoteTestNG.java:132)
	at org.testng.remote.RemoteTestNG.initAndRun(RemoteTestNG.java:230)
	at org.testng.remote.RemoteTestNG.main(RemoteTestNG.java:76)
Caused by: org.openqa.selenium.firefox.NotConnectedException: Unable to connect to host 127.0.0.1 on port 7055 after 45000 ms. Firefox console output:
pdates":1,"skinnable":true,"size":22012,"sourceURI":null,"releaseNotesURI":null,"softDisabled":false,"foreignInstall":false,"hasBinaryComponents":false,"strictCompatibility":true,"locales":[],"targetApplications":[{"id":"{ec8030f7-c20a-464f-9b0e-13a3a9e97384}","minVersion":"47.0.2","maxVersion":"47.0.2"}],"targetPlatforms":[],"seen":true}
1504428185481	addons.xpi	DEBUG	getModTime: Recursive scan of {972ce4c6-7e08-4474-a285-3208198ce6fd}
1504428185485	DeferredSave.extensions.json	DEBUG	Save changes
1504428185485	addons.xpi	DEBUG	Updating database with changes to installed add-ons
1504428185486	addons.xpi-utils	DEBUG	Updating add-on states
1504428185492	addons.xpi-utils	DEBUG	Writing add-ons list
1504428185521	addons.xpi	DEBUG	Registering manifest for C:\Program Files (x86)\Mozilla Firefox\browser\features\e10srollout@mozilla.org.xpi
1504428185523	addons.xpi	DEBUG	Calling bootstrap method startup on e10srollout@mozilla.org version 1.0
1504428185524	addons.xpi	DEBUG	Registering manifest for C:\Program Files (x86)\Mozilla Firefox\browser\features\firefox@getpocket.com.xpi
1504428185527	addons.xpi	DEBUG	Calling bootstrap method startup on firefox@getpocket.com version 1.0.2
1504428185531	addons.xpi	DEBUG	Registering manifest for C:\Program Files (x86)\Mozilla Firefox\browser\features\loop@mozilla.org.xpi
1504428185535	addons.xpi	DEBUG	Calling bootstrap method startup on loop@mozilla.org version 1.3.2
1504428185610	addons.xpi	DEBUG	Registering manifest for C:\Program Files (x86)\Mozilla Firefox\browser\features\websensehelper@mozilla.org.xpi
1504428185615	addons.xpi	DEBUG	Calling bootstrap method startup on websensehelper@mozilla.org version 1.0
1504428185627	addons.manager	DEBUG	Registering shutdown blocker for XPIProvider
1504428185629	addons.manager	DEBUG	Provider finished startup: XPIProvider
1504428185629	addons.manager	DEBUG	Starting provider: LightweightThemeManager
1504428185630	addons.manager	DEBUG	Registering shutdown blocker for LightweightThemeManager
1504428185631	addons.manager	DEBUG	Provider finished startup: LightweightThemeManager
1504428185633	addons.manager	DEBUG	Starting provider: GMPProvider
1504428185666	addons.manager	DEBUG	Registering shutdown blocker for GMPProvider
1504428185667	addons.manager	DEBUG	Provider finished startup: GMPProvider
1504428185667	addons.manager	DEBUG	Starting provider: PluginProvider
1504428185668	addons.manager	DEBUG	Registering shutdown blocker for PluginProvider
1504428185680	addons.manager	DEBUG	Provider finished startup: PluginProvider
1504428185682	addons.manager	DEBUG	Completed startup sequence
1504428188656	addons.manager	DEBUG	Starting provider: <unnamed-provider>
1504428188656	addons.manager	DEBUG	Registering shutdown blocker for <unnamed-provider>
1504428188658	addons.manager	DEBUG	Provider finished startup: <unnamed-provider>
1504428190354	DeferredSave.extensions.json	DEBUG	Write succeeded
1504428190355	addons.xpi-utils	DEBUG	XPI Database saved, setting schema version preference to 17
1504428190358	DeferredSave.extensions.json	DEBUG	Starting timer
1504428190386	DeferredSave.extensions.json	DEBUG	Starting write
1504428190477	addons.repository	DEBUG	No addons.json found.
1504428190479	DeferredSave.addons.json	DEBUG	Save changes
1504428190490	DeferredSave.addons.json	DEBUG	Starting timer
1504428190625	addons.manager	DEBUG	Starting provider: PreviousExperimentProvider
1504428190626	addons.manager	DEBUG	Registering shutdown blocker for PreviousExperimentProvider
1504428190627	addons.manager	DEBUG	Provider finished startup: PreviousExperimentProvider
1504428190648	DeferredSave.addons.json	DEBUG	Starting write
1504428190782	DeferredSave.extensions.json	DEBUG	Write succeeded
1504428191050	DeferredSave.addons.json	DEBUG	Write succeeded
JavaScript error: chrome://fxdriver/content/server.js, line 61: uncaught exception: [object Object]
JavaScript error: chrome://fxdriver/content/server.js, line 61: NS_ERROR_XPC_CI_RETURNED_FAILURE: Component returned failure code: 0x80570015 (NS_ERROR_XPC_CI_RETURNED_FAILURE) [nsIJSCID.createInstance]

	at org.openqa.selenium.firefox.internal.NewProfileExtensionConnection.start(NewProfileExtensionConnection.java:112)
	... 26 more
]]>
    </error>
  </testcase> <!-- abc -->
  <testcase name="xyz" time="0.001" classname="seleniumpack.WebDemo">
    <skipped/>
  </testcase> <!-- xyz -->
</testsuite> <!-- seleniumpack.WebDemo -->
