<?xml version="1.0" encoding="UTF-8"?>
<!-- Generated by org.testng.reporters.JUnitReportReporter -->
<testsuite skipped="0" hostname="Admin" name="seleniumScript.ScreenshotDemo" tests="1" failures="0" timestamp="16 Dec 2018 09:32:51 GMT" time="56.225" errors="0">
  <testcase name="testScreenshot" time="56.225" classname="seleniumScript.ScreenshotDemo"/>
</testsuite> <!-- seleniumScript.ScreenshotDemo -->
